# Logfile created on 2014-01-22 22:41:43 -0600 by logger.rb/44203
I, [2014-01-22T22:41:43.974816 #19785]  INFO -- : 0:  rake (10.1.1) from /Users/wavrin/.rvm/gems/ruby-2.0.0-p353/specifications/rake-10.1.1.gemspec
I, [2014-01-22T22:41:43.975982 #19785]  INFO -- : 0:  i18n (0.6.9) from /Users/wavrin/.rvm/gems/ruby-2.0.0-p353/specifications/i18n-0.6.9.gemspec
I, [2014-01-22T22:41:43.976372 #19785]  INFO -- : 0:  minitest (4.7.5) from /Users/wavrin/.rvm/rubies/ruby-2.1.0/lib/ruby/gems/2.1.0/specifications/default/minitest-4.7.5.gemspec
I, [2014-01-22T22:41:43.976736 #19785]  INFO -- : 0:  multi_json (1.8.4) from /Users/wavrin/.rvm/gems/ruby-2.0.0-p353/specifications/multi_json-1.8.4.gemspec
I, [2014-01-22T22:41:43.977170 #19785]  INFO -- : 0:  atomic (1.1.14) from /Users/wavrin/.rvm/gems/ruby-2.0.0-p353/specifications/atomic-1.1.14.gemspec
I, [2014-01-22T22:41:43.977552 #19785]  INFO -- : 0:  thread_safe (0.1.3) from /Users/wavrin/.rvm/gems/ruby-2.0.0-p353/specifications/thread_safe-0.1.3.gemspec
I, [2014-01-22T22:41:43.977911 #19785]  INFO -- : 0:  tzinfo (0.3.38) from /Users/wavrin/.rvm/gems/ruby-2.0.0-p353/specifications/tzinfo-0.3.38.gemspec
I, [2014-01-22T22:41:43.978292 #19785]  INFO -- : 0:  activesupport (4.0.0) from /Users/wavrin/.rvm/gems/ruby-2.0.0-p353/specifications/activesupport-4.0.0.gemspec
I, [2014-01-22T22:41:43.978651 #19785]  INFO -- : 0:  builder (3.1.4) from /Users/wavrin/.rvm/gems/ruby-2.0.0-p353/specifications/builder-3.1.4.gemspec
I, [2014-01-22T22:41:43.979003 #19785]  INFO -- : 0:  erubis (2.7.0) from /Users/wavrin/.rvm/gems/ruby-2.0.0-p353/specifications/erubis-2.7.0.gemspec
I, [2014-01-22T22:41:43.979355 #19785]  INFO -- : 0:  rack (1.5.2) from /Users/wavrin/.rvm/gems/ruby-2.0.0-p353/specifications/rack-1.5.2.gemspec
I, [2014-01-22T22:41:43.979708 #19785]  INFO -- : 0:  rack-test (0.6.2) from /Users/wavrin/.rvm/gems/ruby-2.0.0-p353/specifications/rack-test-0.6.2.gemspec
I, [2014-01-22T22:41:43.980064 #19785]  INFO -- : 0:  actionpack (4.0.0) from /Users/wavrin/.rvm/gems/ruby-2.0.0-p353/specifications/actionpack-4.0.0.gemspec
I, [2014-01-22T22:41:43.980428 #19785]  INFO -- : 0:  mime-types (1.25.1) from /Users/wavrin/.rvm/gems/ruby-2.0.0-p353/specifications/mime-types-1.25.1.gemspec
I, [2014-01-22T22:41:43.980779 #19785]  INFO -- : 0:  polyglot (0.3.3) from /Users/wavrin/.rvm/gems/ruby-2.0.0-p353/specifications/polyglot-0.3.3.gemspec
I, [2014-01-22T22:41:43.981122 #19785]  INFO -- : 0:  treetop (1.4.15) from /Users/wavrin/.rvm/gems/ruby-2.0.0-p353/specifications/treetop-1.4.15.gemspec
I, [2014-01-22T22:41:43.981469 #19785]  INFO -- : 0:  mail (2.5.4) from /Users/wavrin/.rvm/gems/ruby-2.0.0-p353/specifications/mail-2.5.4.gemspec
I, [2014-01-22T22:41:43.981838 #19785]  INFO -- : 0:  actionmailer (4.0.0) from /Users/wavrin/.rvm/gems/ruby-2.0.0-p353/specifications/actionmailer-4.0.0.gemspec
I, [2014-01-22T22:41:43.982198 #19785]  INFO -- : 0:  activemodel (4.0.0) from /Users/wavrin/.rvm/gems/ruby-2.0.0-p353/specifications/activemodel-4.0.0.gemspec
I, [2014-01-22T22:41:43.982552 #19785]  INFO -- : 0:  activerecord-deprecated_finders (1.0.3) from /Users/wavrin/.rvm/gems/ruby-2.0.0-p353/specifications/activerecord-deprecated_finders-1.0.3.gemspec
I, [2014-01-22T22:41:43.982916 #19785]  INFO -- : 0:  arel (4.0.1) from /Users/wavrin/.rvm/gems/ruby-2.0.0-p353/specifications/arel-4.0.1.gemspec
I, [2014-01-22T22:41:43.983263 #19785]  INFO -- : 0:  activerecord (4.0.0) from /Users/wavrin/.rvm/gems/ruby-2.0.0-p353/specifications/activerecord-4.0.0.gemspec
I, [2014-01-22T22:41:43.983604 #19785]  INFO -- : 0:  mini_portile (0.5.2) from /Users/wavrin/.rvm/gems/ruby-2.0.0-p353/specifications/mini_portile-0.5.2.gemspec
I, [2014-01-22T22:41:43.983946 #19785]  INFO -- : 0:  nokogiri (1.6.1) from /Users/wavrin/.rvm/gems/ruby-2.0.0-p353/specifications/nokogiri-1.6.1.gemspec
I, [2014-01-22T22:41:43.984290 #19785]  INFO -- : 0:  xpath (2.0.0) from /Users/wavrin/.rvm/gems/ruby-2.0.0-p353/specifications/xpath-2.0.0.gemspec
I, [2014-01-22T22:41:43.984824 #19785]  INFO -- : 0:  capybara (2.1.0) from /Users/wavrin/.rvm/gems/ruby-2.0.0-p353/specifications/capybara-2.1.0.gemspec
I, [2014-01-22T22:41:43.985224 #19785]  INFO -- : 0:  coffee-script-source (1.6.3) from /Users/wavrin/.rvm/gems/ruby-2.0.0-p353/specifications/coffee-script-source-1.6.3.gemspec
I, [2014-01-22T22:41:43.985577 #19785]  INFO -- : 0:  execjs (2.0.2) from /Users/wavrin/.rvm/gems/ruby-2.0.0-p353/specifications/execjs-2.0.2.gemspec
I, [2014-01-22T22:41:43.985945 #19785]  INFO -- : 0:  coffee-script (2.2.0) from /Users/wavrin/.rvm/gems/ruby-2.0.0-p353/specifications/coffee-script-2.2.0.gemspec
I, [2014-01-22T22:41:43.986263 #19785]  INFO -- : 0:  thor (0.18.1) from /Users/wavrin/.rvm/gems/ruby-2.0.0-p353/specifications/thor-0.18.1.gemspec
I, [2014-01-22T22:41:43.986660 #19785]  INFO -- : 0:  railties (4.0.0) from /Users/wavrin/.rvm/gems/ruby-2.0.0-p353/specifications/railties-4.0.0.gemspec
I, [2014-01-22T22:41:43.987001 #19785]  INFO -- : 0:  coffee-rails (4.0.1) from /Users/wavrin/.rvm/gems/ruby-2.0.0-p353/specifications/coffee-rails-4.0.1.gemspec
I, [2014-01-22T22:41:43.987314 #19785]  INFO -- : 0:  diff-lcs (1.2.5) from /Users/wavrin/.rvm/gems/ruby-2.0.0-p353/specifications/diff-lcs-1.2.5.gemspec
I, [2014-01-22T22:41:43.987638 #19785]  INFO -- : 0:  hike (1.2.3) from /Users/wavrin/.rvm/gems/ruby-2.0.0-p353/specifications/hike-1.2.3.gemspec
I, [2014-01-22T22:41:43.988201 #19785]  INFO -- : 0:  jbuilder (1.5.3) from /Users/wavrin/.rvm/gems/ruby-2.0.0-p353/specifications/jbuilder-1.5.3.gemspec
I, [2014-01-22T22:41:43.988826 #19785]  INFO -- : 0:  jquery-rails (3.0.4) from /Users/wavrin/.rvm/gems/ruby-2.0.0-p353/specifications/jquery-rails-3.0.4.gemspec
I, [2014-01-22T22:41:43.989216 #19785]  INFO -- : 0:  json (1.8.1) from /Users/wavrin/.rvm/rubies/ruby-2.1.0/lib/ruby/gems/2.1.0/specifications/default/json-1.8.1.gemspec
I, [2014-01-22T22:41:43.989567 #19785]  INFO -- : 0:  bundler (1.5.1) from /Users/wavrin/.rvm/gems/ruby-2.0.0-p353@global/specifications/bundler-1.5.1.gemspec
I, [2014-01-22T22:41:43.989924 #19785]  INFO -- : 0:  tilt (1.4.1) from /Users/wavrin/.rvm/gems/ruby-2.0.0-p353/specifications/tilt-1.4.1.gemspec
I, [2014-01-22T22:41:43.990283 #19785]  INFO -- : 0:  sprockets (2.10.1) from /Users/wavrin/.rvm/gems/ruby-2.0.0-p353/specifications/sprockets-2.10.1.gemspec
I, [2014-01-22T22:41:43.990638 #19785]  INFO -- : 0:  sprockets-rails (2.0.1) from /Users/wavrin/.rvm/gems/ruby-2.0.0-p353/specifications/sprockets-rails-2.0.1.gemspec
I, [2014-01-22T22:41:43.990992 #19785]  INFO -- : 0:  rails (4.0.0) from /Users/wavrin/.rvm/gems/ruby-2.0.0-p353/specifications/rails-4.0.0.gemspec
I, [2014-01-22T22:41:43.991348 #19785]  INFO -- : 0:  rdoc (4.1.1) from /Users/wavrin/.rvm/gems/ruby-2.0.0-p353/specifications/rdoc-4.1.1.gemspec
I, [2014-01-22T22:41:43.991733 #19785]  INFO -- : 0:  rspec-core (2.13.1) from /Users/wavrin/.rvm/gems/ruby-2.0.0-p353/specifications/rspec-core-2.13.1.gemspec
I, [2014-01-22T22:41:43.992093 #19785]  INFO -- : 0:  rspec-expectations (2.13.0) from /Users/wavrin/.rvm/gems/ruby-2.0.0-p353/specifications/rspec-expectations-2.13.0.gemspec
I, [2014-01-22T22:41:43.992461 #19785]  INFO -- : 0:  rspec-mocks (2.13.1) from /Users/wavrin/.rvm/gems/ruby-2.0.0-p353/specifications/rspec-mocks-2.13.1.gemspec
I, [2014-01-22T22:41:43.992873 #19785]  INFO -- : 0:  rspec-rails (2.13.1) from /Users/wavrin/.rvm/gems/ruby-2.0.0-p353/specifications/rspec-rails-2.13.1.gemspec
I, [2014-01-22T22:41:43.993216 #19785]  INFO -- : 0:  sass (3.2.13) from /Users/wavrin/.rvm/gems/ruby-2.0.0-p353/specifications/sass-3.2.13.gemspec
I, [2014-01-22T22:41:43.993592 #19785]  INFO -- : 0:  sass-rails (4.0.1) from /Users/wavrin/.rvm/gems/ruby-2.0.0-p353/specifications/sass-rails-4.0.1.gemspec
I, [2014-01-22T22:41:43.993954 #19785]  INFO -- : 0:  sdoc (0.4.0) from /Users/wavrin/.rvm/gems/ruby-2.0.0-p353/specifications/sdoc-0.4.0.gemspec
I, [2014-01-22T22:41:43.994338 #19785]  INFO -- : 0:  sqlite3 (1.3.8) from /Users/wavrin/.rvm/gems/ruby-2.0.0-p353/specifications/sqlite3-1.3.8.gemspec
I, [2014-01-22T22:41:43.994696 #19785]  INFO -- : 0:  turbolinks (2.2.0) from /Users/wavrin/.rvm/gems/ruby-2.0.0-p353/specifications/turbolinks-2.2.0.gemspec
I, [2014-01-22T22:41:43.995061 #19785]  INFO -- : 0:  uglifier (2.4.0) from /Users/wavrin/.rvm/gems/ruby-2.0.0-p353/specifications/uglifier-2.4.0.gemspec
I, [2014-02-02T15:47:28.462836 #853]  INFO -- : 0:  rake (10.1.1) from /Users/wavrin/.rvm/gems/ruby-2.0.0-p353/specifications/rake-10.1.1.gemspec
I, [2014-02-02T15:47:28.464491 #853]  INFO -- : 0:  i18n (0.6.9) from /Users/wavrin/.rvm/gems/ruby-2.0.0-p353/specifications/i18n-0.6.9.gemspec
I, [2014-02-02T15:47:28.464930 #853]  INFO -- : 0:  minitest (4.7.5) from /Users/wavrin/.rvm/rubies/ruby-2.1.0/lib/ruby/gems/2.1.0/specifications/default/minitest-4.7.5.gemspec
I, [2014-02-02T15:47:28.465291 #853]  INFO -- : 0:  multi_json (1.8.4) from /Users/wavrin/.rvm/gems/ruby-2.0.0-p353/specifications/multi_json-1.8.4.gemspec
I, [2014-02-02T15:47:28.465694 #853]  INFO -- : 0:  atomic (1.1.14) from /Users/wavrin/.rvm/gems/ruby-2.0.0-p353/specifications/atomic-1.1.14.gemspec
I, [2014-02-02T15:47:28.466110 #853]  INFO -- : 0:  thread_safe (0.1.3) from /Users/wavrin/.rvm/gems/ruby-2.0.0-p353/specifications/thread_safe-0.1.3.gemspec
I, [2014-02-02T15:47:28.466483 #853]  INFO -- : 0:  tzinfo (0.3.38) from /Users/wavrin/.rvm/gems/ruby-2.0.0-p353/specifications/tzinfo-0.3.38.gemspec
I, [2014-02-02T15:47:28.466822 #853]  INFO -- : 0:  activesupport (4.0.0) from /Users/wavrin/.rvm/gems/ruby-2.0.0-p353/specifications/activesupport-4.0.0.gemspec
I, [2014-02-02T15:47:28.467144 #853]  INFO -- : 0:  builder (3.1.4) from /Users/wavrin/.rvm/gems/ruby-2.0.0-p353/specifications/builder-3.1.4.gemspec
I, [2014-02-02T15:47:28.467502 #853]  INFO -- : 0:  erubis (2.7.0) from /Users/wavrin/.rvm/gems/ruby-2.0.0-p353/specifications/erubis-2.7.0.gemspec
I, [2014-02-02T15:47:28.467842 #853]  INFO -- : 0:  rack (1.5.2) from /Users/wavrin/.rvm/gems/ruby-2.0.0-p353/specifications/rack-1.5.2.gemspec
I, [2014-02-02T15:47:28.468168 #853]  INFO -- : 0:  rack-test (0.6.2) from /Users/wavrin/.rvm/gems/ruby-2.0.0-p353/specifications/rack-test-0.6.2.gemspec
I, [2014-02-02T15:47:28.468527 #853]  INFO -- : 0:  actionpack (4.0.0) from /Users/wavrin/.rvm/gems/ruby-2.0.0-p353/specifications/actionpack-4.0.0.gemspec
I, [2014-02-02T15:47:28.469117 #853]  INFO -- : 0:  mime-types (1.25.1) from /Users/wavrin/.rvm/gems/ruby-2.0.0-p353/specifications/mime-types-1.25.1.gemspec
I, [2014-02-02T15:47:28.469486 #853]  INFO -- : 0:  polyglot (0.3.3) from /Users/wavrin/.rvm/gems/ruby-2.0.0-p353/specifications/polyglot-0.3.3.gemspec
I, [2014-02-02T15:47:28.469855 #853]  INFO -- : 0:  treetop (1.4.15) from /Users/wavrin/.rvm/gems/ruby-2.0.0-p353/specifications/treetop-1.4.15.gemspec
I, [2014-02-02T15:47:28.470200 #853]  INFO -- : 0:  mail (2.5.4) from /Users/wavrin/.rvm/gems/ruby-2.0.0-p353/specifications/mail-2.5.4.gemspec
I, [2014-02-02T15:47:28.470545 #853]  INFO -- : 0:  actionmailer (4.0.0) from /Users/wavrin/.rvm/gems/ruby-2.0.0-p353/specifications/actionmailer-4.0.0.gemspec
I, [2014-02-02T15:47:28.470912 #853]  INFO -- : 0:  activemodel (4.0.0) from /Users/wavrin/.rvm/gems/ruby-2.0.0-p353/specifications/activemodel-4.0.0.gemspec
I, [2014-02-02T15:47:28.471246 #853]  INFO -- : 0:  activerecord-deprecated_finders (1.0.3) from /Users/wavrin/.rvm/gems/ruby-2.0.0-p353/specifications/activerecord-deprecated_finders-1.0.3.gemspec
I, [2014-02-02T15:47:28.471641 #853]  INFO -- : 0:  arel (4.0.1) from /Users/wavrin/.rvm/gems/ruby-2.0.0-p353/specifications/arel-4.0.1.gemspec
I, [2014-02-02T15:47:28.471993 #853]  INFO -- : 0:  activerecord (4.0.0) from /Users/wavrin/.rvm/gems/ruby-2.0.0-p353/specifications/activerecord-4.0.0.gemspec
I, [2014-02-02T15:47:28.472317 #853]  INFO -- : 0:  bundler (1.5.1) from /Users/wavrin/.rvm/gems/ruby-2.0.0-p353@global/specifications/bundler-1.5.1.gemspec
I, [2014-02-02T15:47:28.472662 #853]  INFO -- : 0:  mini_portile (0.5.2) from /Users/wavrin/.rvm/gems/ruby-2.0.0-p353/specifications/mini_portile-0.5.2.gemspec
I, [2014-02-02T15:47:28.472996 #853]  INFO -- : 0:  nokogiri (1.6.1) from /Users/wavrin/.rvm/gems/ruby-2.0.0-p353/specifications/nokogiri-1.6.1.gemspec
I, [2014-02-02T15:47:28.473331 #853]  INFO -- : 0:  xpath (2.0.0) from /Users/wavrin/.rvm/gems/ruby-2.0.0-p353/specifications/xpath-2.0.0.gemspec
I, [2014-02-02T15:47:28.473795 #853]  INFO -- : 0:  capybara (2.1.0) from /Users/wavrin/.rvm/gems/ruby-2.0.0-p353/specifications/capybara-2.1.0.gemspec
I, [2014-02-02T15:47:28.474671 #853]  INFO -- : 0:  coffee-script-source (1.6.3) from /Users/wavrin/.rvm/gems/ruby-2.0.0-p353/specifications/coffee-script-source-1.6.3.gemspec
I, [2014-02-02T15:47:28.475403 #853]  INFO -- : 0:  execjs (2.0.2) from /Users/wavrin/.rvm/gems/ruby-2.0.0-p353/specifications/execjs-2.0.2.gemspec
I, [2014-02-02T15:47:28.476073 #853]  INFO -- : 0:  coffee-script (2.2.0) from /Users/wavrin/.rvm/gems/ruby-2.0.0-p353/specifications/coffee-script-2.2.0.gemspec
I, [2014-02-02T15:47:28.476518 #853]  INFO -- : 0:  thor (0.18.1) from /Users/wavrin/.rvm/gems/ruby-2.0.0-p353/specifications/thor-0.18.1.gemspec
I, [2014-02-02T15:47:28.477119 #853]  INFO -- : 0:  railties (4.0.0) from /Users/wavrin/.rvm/gems/ruby-2.0.0-p353/specifications/railties-4.0.0.gemspec
I, [2014-02-02T15:47:28.477733 #853]  INFO -- : 0:  coffee-rails (4.0.1) from /Users/wavrin/.rvm/gems/ruby-2.0.0-p353/specifications/coffee-rails-4.0.1.gemspec
I, [2014-02-02T15:47:28.478134 #853]  INFO -- : 0:  diff-lcs (1.2.5) from /Users/wavrin/.rvm/gems/ruby-2.0.0-p353/specifications/diff-lcs-1.2.5.gemspec
I, [2014-02-02T15:47:28.478454 #853]  INFO -- : 0:  hike (1.2.3) from /Users/wavrin/.rvm/gems/ruby-2.0.0-p353/specifications/hike-1.2.3.gemspec
I, [2014-02-02T15:47:28.478778 #853]  INFO -- : 0:  jbuilder (1.5.3) from /Users/wavrin/.rvm/gems/ruby-2.0.0-p353/specifications/jbuilder-1.5.3.gemspec
I, [2014-02-02T15:47:28.479090 #853]  INFO -- : 0:  jquery-rails (3.0.4) from /Users/wavrin/.rvm/gems/ruby-2.0.0-p353/specifications/jquery-rails-3.0.4.gemspec
I, [2014-02-02T15:47:28.479375 #853]  INFO -- : 0:  json (1.8.1) from /Users/wavrin/.rvm/rubies/ruby-2.1.0/lib/ruby/gems/2.1.0/specifications/default/json-1.8.1.gemspec
I, [2014-02-02T15:47:28.479685 #853]  INFO -- : 0:  pg (0.17.1) from /Users/wavrin/.rvm/gems/ruby-2.0.0-p353/specifications/pg-0.17.1.gemspec
I, [2014-02-02T15:47:28.480012 #853]  INFO -- : 0:  tilt (1.4.1) from /Users/wavrin/.rvm/gems/ruby-2.0.0-p353/specifications/tilt-1.4.1.gemspec
I, [2014-02-02T15:47:28.480428 #853]  INFO -- : 0:  sprockets (2.10.1) from /Users/wavrin/.rvm/gems/ruby-2.0.0-p353/specifications/sprockets-2.10.1.gemspec
I, [2014-02-02T15:47:28.480807 #853]  INFO -- : 0:  sprockets-rails (2.0.1) from /Users/wavrin/.rvm/gems/ruby-2.0.0-p353/specifications/sprockets-rails-2.0.1.gemspec
I, [2014-02-02T15:47:28.481182 #853]  INFO -- : 0:  rails (4.0.0) from /Users/wavrin/.rvm/gems/ruby-2.0.0-p353/specifications/rails-4.0.0.gemspec
I, [2014-02-02T15:47:28.481697 #853]  INFO -- : 0:  rdoc (4.1.1) from /Users/wavrin/.rvm/gems/ruby-2.0.0-p353/specifications/rdoc-4.1.1.gemspec
I, [2014-02-02T15:47:28.482251 #853]  INFO -- : 0:  rspec-core (2.13.1) from /Users/wavrin/.rvm/gems/ruby-2.0.0-p353/specifications/rspec-core-2.13.1.gemspec
I, [2014-02-02T15:47:28.482655 #853]  INFO -- : 0:  rspec-expectations (2.13.0) from /Users/wavrin/.rvm/gems/ruby-2.0.0-p353/specifications/rspec-expectations-2.13.0.gemspec
I, [2014-02-02T15:47:28.483010 #853]  INFO -- : 0:  rspec-mocks (2.13.1) from /Users/wavrin/.rvm/gems/ruby-2.0.0-p353/specifications/rspec-mocks-2.13.1.gemspec
I, [2014-02-02T15:47:28.483439 #853]  INFO -- : 0:  rspec-rails (2.13.1) from /Users/wavrin/.rvm/gems/ruby-2.0.0-p353/specifications/rspec-rails-2.13.1.gemspec
I, [2014-02-02T15:47:28.483843 #853]  INFO -- : 0:  sass (3.2.13) from /Users/wavrin/.rvm/gems/ruby-2.0.0-p353/specifications/sass-3.2.13.gemspec
I, [2014-02-02T15:47:28.484188 #853]  INFO -- : 0:  sass-rails (4.0.1) from /Users/wavrin/.rvm/gems/ruby-2.0.0-p353/specifications/sass-rails-4.0.1.gemspec
I, [2014-02-02T15:47:28.484623 #853]  INFO -- : 0:  sdoc (0.4.0) from /Users/wavrin/.rvm/gems/ruby-2.0.0-p353/specifications/sdoc-0.4.0.gemspec
I, [2014-02-02T15:47:28.484984 #853]  INFO -- : 0:  sqlite3 (1.3.8) from /Users/wavrin/.rvm/gems/ruby-2.0.0-p353/specifications/sqlite3-1.3.8.gemspec
I, [2014-02-02T15:47:28.485364 #853]  INFO -- : 0:  turbolinks (2.2.0) from /Users/wavrin/.rvm/gems/ruby-2.0.0-p353/specifications/turbolinks-2.2.0.gemspec
I, [2014-02-02T15:47:28.485695 #853]  INFO -- : 0:  uglifier (2.4.0) from /Users/wavrin/.rvm/gems/ruby-2.0.0-p353/specifications/uglifier-2.4.0.gemspec
I, [2014-02-02T15:52:59.356192 #1365]  INFO -- : 0:  rake (10.1.1) from /Users/wavrin/.rvm/gems/ruby-2.0.0-p353/specifications/rake-10.1.1.gemspec
I, [2014-02-02T15:52:59.356615 #1365]  INFO -- : 0:  i18n (0.6.9) from /Users/wavrin/.rvm/gems/ruby-2.0.0-p353/specifications/i18n-0.6.9.gemspec
I, [2014-02-02T15:52:59.356923 #1365]  INFO -- : 0:  minitest (4.7.5) from /Users/wavrin/.rvm/rubies/ruby-2.1.0/lib/ruby/gems/2.1.0/specifications/default/minitest-4.7.5.gemspec
I, [2014-02-02T15:52:59.357243 #1365]  INFO -- : 0:  multi_json (1.8.4) from /Users/wavrin/.rvm/gems/ruby-2.0.0-p353/specifications/multi_json-1.8.4.gemspec
I, [2014-02-02T15:52:59.357533 #1365]  INFO -- : 0:  atomic (1.1.14) from /Users/wavrin/.rvm/gems/ruby-2.0.0-p353/specifications/atomic-1.1.14.gemspec
I, [2014-02-02T15:52:59.357832 #1365]  INFO -- : 0:  thread_safe (0.1.3) from /Users/wavrin/.rvm/gems/ruby-2.0.0-p353/specifications/thread_safe-0.1.3.gemspec
I, [2014-02-02T15:52:59.358113 #1365]  INFO -- : 0:  tzinfo (0.3.38) from /Users/wavrin/.rvm/gems/ruby-2.0.0-p353/specifications/tzinfo-0.3.38.gemspec
I, [2014-02-02T15:52:59.358401 #1365]  INFO -- : 0:  activesupport (4.0.0) from /Users/wavrin/.rvm/gems/ruby-2.0.0-p353/specifications/activesupport-4.0.0.gemspec
I, [2014-02-02T15:52:59.358682 #1365]  INFO -- : 0:  builder (3.1.4) from /Users/wavrin/.rvm/gems/ruby-2.0.0-p353/specifications/builder-3.1.4.gemspec
I, [2014-02-02T15:52:59.358969 #1365]  INFO -- : 0:  erubis (2.7.0) from /Users/wavrin/.rvm/gems/ruby-2.0.0-p353/specifications/erubis-2.7.0.gemspec
I, [2014-02-02T15:52:59.359255 #1365]  INFO -- : 0:  rack (1.5.2) from /Users/wavrin/.rvm/gems/ruby-2.0.0-p353/specifications/rack-1.5.2.gemspec
I, [2014-02-02T15:52:59.359536 #1365]  INFO -- : 0:  rack-test (0.6.2) from /Users/wavrin/.rvm/gems/ruby-2.0.0-p353/specifications/rack-test-0.6.2.gemspec
I, [2014-02-02T15:52:59.359862 #1365]  INFO -- : 0:  actionpack (4.0.0) from /Users/wavrin/.rvm/gems/ruby-2.0.0-p353/specifications/actionpack-4.0.0.gemspec
I, [2014-02-02T15:52:59.360137 #1365]  INFO -- : 0:  mime-types (1.25.1) from /Users/wavrin/.rvm/gems/ruby-2.0.0-p353/specifications/mime-types-1.25.1.gemspec
I, [2014-02-02T15:52:59.360410 #1365]  INFO -- : 0:  polyglot (0.3.3) from /Users/wavrin/.rvm/gems/ruby-2.0.0-p353/specifications/polyglot-0.3.3.gemspec
I, [2014-02-02T15:52:59.360681 #1365]  INFO -- : 0:  treetop (1.4.15) from /Users/wavrin/.rvm/gems/ruby-2.0.0-p353/specifications/treetop-1.4.15.gemspec
I, [2014-02-02T15:52:59.360954 #1365]  INFO -- : 0:  mail (2.5.4) from /Users/wavrin/.rvm/gems/ruby-2.0.0-p353/specifications/mail-2.5.4.gemspec
I, [2014-02-02T15:52:59.361235 #1365]  INFO -- : 0:  actionmailer (4.0.0) from /Users/wavrin/.rvm/gems/ruby-2.0.0-p353/specifications/actionmailer-4.0.0.gemspec
I, [2014-02-02T15:52:59.361540 #1365]  INFO -- : 0:  activemodel (4.0.0) from /Users/wavrin/.rvm/gems/ruby-2.0.0-p353/specifications/activemodel-4.0.0.gemspec
I, [2014-02-02T15:52:59.361830 #1365]  INFO -- : 0:  activerecord-deprecated_finders (1.0.3) from /Users/wavrin/.rvm/gems/ruby-2.0.0-p353/specifications/activerecord-deprecated_finders-1.0.3.gemspec
I, [2014-02-02T15:52:59.362112 #1365]  INFO -- : 0:  arel (4.0.1) from /Users/wavrin/.rvm/gems/ruby-2.0.0-p353/specifications/arel-4.0.1.gemspec
I, [2014-02-02T15:52:59.362436 #1365]  INFO -- : 0:  activerecord (4.0.0) from /Users/wavrin/.rvm/gems/ruby-2.0.0-p353/specifications/activerecord-4.0.0.gemspec
I, [2014-02-02T15:52:59.362721 #1365]  INFO -- : 0:  mini_portile (0.5.2) from /Users/wavrin/.rvm/gems/ruby-2.0.0-p353/specifications/mini_portile-0.5.2.gemspec
I, [2014-02-02T15:52:59.363005 #1365]  INFO -- : 0:  nokogiri (1.6.1) from /Users/wavrin/.rvm/gems/ruby-2.0.0-p353/specifications/nokogiri-1.6.1.gemspec
I, [2014-02-02T15:52:59.363303 #1365]  INFO -- : 0:  xpath (2.0.0) from /Users/wavrin/.rvm/gems/ruby-2.0.0-p353/specifications/xpath-2.0.0.gemspec
I, [2014-02-02T15:52:59.363593 #1365]  INFO -- : 0:  capybara (2.1.0) from /Users/wavrin/.rvm/gems/ruby-2.0.0-p353/specifications/capybara-2.1.0.gemspec
I, [2014-02-02T15:52:59.363877 #1365]  INFO -- : 0:  coffee-script-source (1.6.3) from /Users/wavrin/.rvm/gems/ruby-2.0.0-p353/specifications/coffee-script-source-1.6.3.gemspec
I, [2014-02-02T15:52:59.364155 #1365]  INFO -- : 0:  execjs (2.0.2) from /Users/wavrin/.rvm/gems/ruby-2.0.0-p353/specifications/execjs-2.0.2.gemspec
I, [2014-02-02T15:52:59.364438 #1365]  INFO -- : 0:  coffee-script (2.2.0) from /Users/wavrin/.rvm/gems/ruby-2.0.0-p353/specifications/coffee-script-2.2.0.gemspec
I, [2014-02-02T15:52:59.364721 #1365]  INFO -- : 0:  thor (0.18.1) from /Users/wavrin/.rvm/gems/ruby-2.0.0-p353/specifications/thor-0.18.1.gemspec
I, [2014-02-02T15:52:59.365008 #1365]  INFO -- : 0:  railties (4.0.0) from /Users/wavrin/.rvm/gems/ruby-2.0.0-p353/specifications/railties-4.0.0.gemspec
I, [2014-02-02T15:52:59.365300 #1365]  INFO -- : 0:  coffee-rails (4.0.1) from /Users/wavrin/.rvm/gems/ruby-2.0.0-p353/specifications/coffee-rails-4.0.1.gemspec
I, [2014-02-02T15:52:59.365573 #1365]  INFO -- : 0:  diff-lcs (1.2.5) from /Users/wavrin/.rvm/gems/ruby-2.0.0-p353/specifications/diff-lcs-1.2.5.gemspec
I, [2014-02-02T15:52:59.365862 #1365]  INFO -- : 0:  hike (1.2.3) from /Users/wavrin/.rvm/gems/ruby-2.0.0-p353/specifications/hike-1.2.3.gemspec
I, [2014-02-02T15:52:59.366138 #1365]  INFO -- : 0:  jbuilder (1.5.3) from /Users/wavrin/.rvm/gems/ruby-2.0.0-p353/specifications/jbuilder-1.5.3.gemspec
I, [2014-02-02T15:52:59.366443 #1365]  INFO -- : 0:  jquery-rails (3.0.4) from /Users/wavrin/.rvm/gems/ruby-2.0.0-p353/specifications/jquery-rails-3.0.4.gemspec
I, [2014-02-02T15:52:59.366709 #1365]  INFO -- : 0:  json (1.8.1) from /Users/wavrin/.rvm/rubies/ruby-2.1.0/lib/ruby/gems/2.1.0/specifications/default/json-1.8.1.gemspec
I, [2014-02-02T15:52:59.366990 #1365]  INFO -- : 0:  bundler (1.5.1) from /Users/wavrin/.rvm/gems/ruby-2.0.0-p353@global/specifications/bundler-1.5.1.gemspec
I, [2014-02-02T15:52:59.367299 #1365]  INFO -- : 0:  tilt (1.4.1) from /Users/wavrin/.rvm/gems/ruby-2.0.0-p353/specifications/tilt-1.4.1.gemspec
I, [2014-02-02T15:52:59.367591 #1365]  INFO -- : 0:  sprockets (2.10.1) from /Users/wavrin/.rvm/gems/ruby-2.0.0-p353/specifications/sprockets-2.10.1.gemspec
I, [2014-02-02T15:52:59.367907 #1365]  INFO -- : 0:  sprockets-rails (2.0.1) from /Users/wavrin/.rvm/gems/ruby-2.0.0-p353/specifications/sprockets-rails-2.0.1.gemspec
I, [2014-02-02T15:52:59.368196 #1365]  INFO -- : 0:  rails (4.0.0) from /Users/wavrin/.rvm/gems/ruby-2.0.0-p353/specifications/rails-4.0.0.gemspec
I, [2014-02-02T15:52:59.368476 #1365]  INFO -- : 0:  rdoc (4.1.1) from /Users/wavrin/.rvm/gems/ruby-2.0.0-p353/specifications/rdoc-4.1.1.gemspec
I, [2014-02-02T15:52:59.368774 #1365]  INFO -- : 0:  rspec-core (2.13.1) from /Users/wavrin/.rvm/gems/ruby-2.0.0-p353/specifications/rspec-core-2.13.1.gemspec
I, [2014-02-02T15:52:59.369066 #1365]  INFO -- : 0:  rspec-expectations (2.13.0) from /Users/wavrin/.rvm/gems/ruby-2.0.0-p353/specifications/rspec-expectations-2.13.0.gemspec
I, [2014-02-02T15:52:59.369372 #1365]  INFO -- : 0:  rspec-mocks (2.13.1) from /Users/wavrin/.rvm/gems/ruby-2.0.0-p353/specifications/rspec-mocks-2.13.1.gemspec
I, [2014-02-02T15:52:59.369675 #1365]  INFO -- : 0:  rspec-rails (2.13.1) from /Users/wavrin/.rvm/gems/ruby-2.0.0-p353/specifications/rspec-rails-2.13.1.gemspec
I, [2014-02-02T15:52:59.369958 #1365]  INFO -- : 0:  sass (3.2.13) from /Users/wavrin/.rvm/gems/ruby-2.0.0-p353/specifications/sass-3.2.13.gemspec
I, [2014-02-02T15:52:59.370244 #1365]  INFO -- : 0:  sass-rails (4.0.1) from /Users/wavrin/.rvm/gems/ruby-2.0.0-p353/specifications/sass-rails-4.0.1.gemspec
I, [2014-02-02T15:52:59.370532 #1365]  INFO -- : 0:  sdoc (0.4.0) from /Users/wavrin/.rvm/gems/ruby-2.0.0-p353/specifications/sdoc-0.4.0.gemspec
I, [2014-02-02T15:52:59.370827 #1365]  INFO -- : 0:  sqlite3 (1.3.8) from /Users/wavrin/.rvm/gems/ruby-2.0.0-p353/specifications/sqlite3-1.3.8.gemspec
I, [2014-02-02T15:52:59.371138 #1365]  INFO -- : 0:  turbolinks (2.2.0) from /Users/wavrin/.rvm/gems/ruby-2.0.0-p353/specifications/turbolinks-2.2.0.gemspec
I, [2014-02-02T15:52:59.371423 #1365]  INFO -- : 0:  uglifier (2.4.0) from /Users/wavrin/.rvm/gems/ruby-2.0.0-p353/specifications/uglifier-2.4.0.gemspec
I, [2014-02-02T15:55:36.163405 #1480]  INFO -- : 0:  rake (10.1.1) from /Users/wavrin/.rvm/gems/ruby-2.0.0-p353/specifications/rake-10.1.1.gemspec
I, [2014-02-02T15:55:36.163828 #1480]  INFO -- : 0:  i18n (0.6.9) from /Users/wavrin/.rvm/gems/ruby-2.0.0-p353/specifications/i18n-0.6.9.gemspec
I, [2014-02-02T15:55:36.164134 #1480]  INFO -- : 0:  minitest (4.7.5) from /Users/wavrin/.rvm/rubies/ruby-2.1.0/lib/ruby/gems/2.1.0/specifications/default/minitest-4.7.5.gemspec
I, [2014-02-02T15:55:36.164450 #1480]  INFO -- : 0:  multi_json (1.8.4) from /Users/wavrin/.rvm/gems/ruby-2.0.0-p353/specifications/multi_json-1.8.4.gemspec
I, [2014-02-02T15:55:36.164750 #1480]  INFO -- : 0:  atomic (1.1.14) from /Users/wavrin/.rvm/gems/ruby-2.0.0-p353/specifications/atomic-1.1.14.gemspec
I, [2014-02-02T15:55:36.165051 #1480]  INFO -- : 0:  thread_safe (0.1.3) from /Users/wavrin/.rvm/gems/ruby-2.0.0-p353/specifications/thread_safe-0.1.3.gemspec
I, [2014-02-02T15:55:36.165336 #1480]  INFO -- : 0:  tzinfo (0.3.38) from /Users/wavrin/.rvm/gems/ruby-2.0.0-p353/specifications/tzinfo-0.3.38.gemspec
I, [2014-02-02T15:55:36.165622 #1480]  INFO -- : 0:  activesupport (4.0.0) from /Users/wavrin/.rvm/gems/ruby-2.0.0-p353/specifications/activesupport-4.0.0.gemspec
I, [2014-02-02T15:55:36.165908 #1480]  INFO -- : 0:  builder (3.1.4) from /Users/wavrin/.rvm/gems/ruby-2.0.0-p353/specifications/builder-3.1.4.gemspec
I, [2014-02-02T15:55:36.166191 #1480]  INFO -- : 0:  erubis (2.7.0) from /Users/wavrin/.rvm/gems/ruby-2.0.0-p353/specifications/erubis-2.7.0.gemspec
I, [2014-02-02T15:55:36.166475 #1480]  INFO -- : 0:  rack (1.5.2) from /Users/wavrin/.rvm/gems/ruby-2.0.0-p353/specifications/rack-1.5.2.gemspec
I, [2014-02-02T15:55:36.166755 #1480]  INFO -- : 0:  rack-test (0.6.2) from /Users/wavrin/.rvm/gems/ruby-2.0.0-p353/specifications/rack-test-0.6.2.gemspec
I, [2014-02-02T15:55:36.167089 #1480]  INFO -- : 0:  actionpack (4.0.0) from /Users/wavrin/.rvm/gems/ruby-2.0.0-p353/specifications/actionpack-4.0.0.gemspec
I, [2014-02-02T15:55:36.167368 #1480]  INFO -- : 0:  mime-types (1.25.1) from /Users/wavrin/.rvm/gems/ruby-2.0.0-p353/specifications/mime-types-1.25.1.gemspec
I, [2014-02-02T15:55:36.167648 #1480]  INFO -- : 0:  polyglot (0.3.3) from /Users/wavrin/.rvm/gems/ruby-2.0.0-p353/specifications/polyglot-0.3.3.gemspec
I, [2014-02-02T15:55:36.167924 #1480]  INFO -- : 0:  treetop (1.4.15) from /Users/wavrin/.rvm/gems/ruby-2.0.0-p353/specifications/treetop-1.4.15.gemspec
I, [2014-02-02T15:55:36.168203 #1480]  INFO -- : 0:  mail (2.5.4) from /Users/wavrin/.rvm/gems/ruby-2.0.0-p353/specifications/mail-2.5.4.gemspec
I, [2014-02-02T15:55:36.168484 #1480]  INFO -- : 0:  actionmailer (4.0.0) from /Users/wavrin/.rvm/gems/ruby-2.0.0-p353/specifications/actionmailer-4.0.0.gemspec
I, [2014-02-02T15:55:36.168785 #1480]  INFO -- : 0:  activemodel (4.0.0) from /Users/wavrin/.rvm/gems/ruby-2.0.0-p353/specifications/activemodel-4.0.0.gemspec
I, [2014-02-02T15:55:36.169071 #1480]  INFO -- : 0:  activerecord-deprecated_finders (1.0.3) from /Users/wavrin/.rvm/gems/ruby-2.0.0-p353/specifications/activerecord-deprecated_finders-1.0.3.gemspec
I, [2014-02-02T15:55:36.169349 #1480]  INFO -- : 0:  arel (4.0.1) from /Users/wavrin/.rvm/gems/ruby-2.0.0-p353/specifications/arel-4.0.1.gemspec
I, [2014-02-02T15:55:36.169639 #1480]  INFO -- : 0:  activerecord (4.0.0) from /Users/wavrin/.rvm/gems/ruby-2.0.0-p353/specifications/activerecord-4.0.0.gemspec
I, [2014-02-02T15:55:36.169922 #1480]  INFO -- : 0:  mini_portile (0.5.2) from /Users/wavrin/.rvm/gems/ruby-2.0.0-p353/specifications/mini_portile-0.5.2.gemspec
I, [2014-02-02T15:55:36.170209 #1480]  INFO -- : 0:  nokogiri (1.6.1) from /Users/wavrin/.rvm/gems/ruby-2.0.0-p353/specifications/nokogiri-1.6.1.gemspec
I, [2014-02-02T15:55:36.170508 #1480]  INFO -- : 0:  xpath (2.0.0) from /Users/wavrin/.rvm/gems/ruby-2.0.0-p353/specifications/xpath-2.0.0.gemspec
I, [2014-02-02T15:55:36.170800 #1480]  INFO -- : 0:  capybara (2.1.0) from /Users/wavrin/.rvm/gems/ruby-2.0.0-p353/specifications/capybara-2.1.0.gemspec
I, [2014-02-02T15:55:36.171082 #1480]  INFO -- : 0:  coffee-script-source (1.6.3) from /Users/wavrin/.rvm/gems/ruby-2.0.0-p353/specifications/coffee-script-source-1.6.3.gemspec
I, [2014-02-02T15:55:36.171363 #1480]  INFO -- : 0:  execjs (2.0.2) from /Users/wavrin/.rvm/gems/ruby-2.0.0-p353/specifications/execjs-2.0.2.gemspec
I, [2014-02-02T15:55:36.171644 #1480]  INFO -- : 0:  coffee-script (2.2.0) from /Users/wavrin/.rvm/gems/ruby-2.0.0-p353/specifications/coffee-script-2.2.0.gemspec
I, [2014-02-02T15:55:36.171940 #1480]  INFO -- : 0:  thor (0.18.1) from /Users/wavrin/.rvm/gems/ruby-2.0.0-p353/specifications/thor-0.18.1.gemspec
I, [2014-02-02T15:55:36.172222 #1480]  INFO -- : 0:  railties (4.0.0) from /Users/wavrin/.rvm/gems/ruby-2.0.0-p353/specifications/railties-4.0.0.gemspec
I, [2014-02-02T15:55:36.172518 #1480]  INFO -- : 0:  coffee-rails (4.0.1) from /Users/wavrin/.rvm/gems/ruby-2.0.0-p353/specifications/coffee-rails-4.0.1.gemspec
I, [2014-02-02T15:55:36.172792 #1480]  INFO -- : 0:  diff-lcs (1.2.5) from /Users/wavrin/.rvm/gems/ruby-2.0.0-p353/specifications/diff-lcs-1.2.5.gemspec
I, [2014-02-02T15:55:36.173079 #1480]  INFO -- : 0:  hike (1.2.3) from /Users/wavrin/.rvm/gems/ruby-2.0.0-p353/specifications/hike-1.2.3.gemspec
I, [2014-02-02T15:55:36.173353 #1480]  INFO -- : 0:  jbuilder (1.5.3) from /Users/wavrin/.rvm/gems/ruby-2.0.0-p353/specifications/jbuilder-1.5.3.gemspec
I, [2014-02-02T15:55:36.173659 #1480]  INFO -- : 0:  jquery-rails (3.0.4) from /Users/wavrin/.rvm/gems/ruby-2.0.0-p353/specifications/jquery-rails-3.0.4.gemspec
I, [2014-02-02T15:55:36.173931 #1480]  INFO -- : 0:  json (1.8.1) from /Users/wavrin/.rvm/rubies/ruby-2.1.0/lib/ruby/gems/2.1.0/specifications/default/json-1.8.1.gemspec
I, [2014-02-02T15:55:36.174232 #1480]  INFO -- : 0:  bundler (1.5.1) from /Users/wavrin/.rvm/gems/ruby-2.0.0-p353@global/specifications/bundler-1.5.1.gemspec
I, [2014-02-02T15:55:36.174531 #1480]  INFO -- : 0:  tilt (1.4.1) from /Users/wavrin/.rvm/gems/ruby-2.0.0-p353/specifications/tilt-1.4.1.gemspec
I, [2014-02-02T15:55:36.174829 #1480]  INFO -- : 0:  sprockets (2.10.1) from /Users/wavrin/.rvm/gems/ruby-2.0.0-p353/specifications/sprockets-2.10.1.gemspec
I, [2014-02-02T15:55:36.175141 #1480]  INFO -- : 0:  sprockets-rails (2.0.1) from /Users/wavrin/.rvm/gems/ruby-2.0.0-p353/specifications/sprockets-rails-2.0.1.gemspec
I, [2014-02-02T15:55:36.175431 #1480]  INFO -- : 0:  rails (4.0.0) from /Users/wavrin/.rvm/gems/ruby-2.0.0-p353/specifications/rails-4.0.0.gemspec
I, [2014-02-02T15:55:36.175712 #1480]  INFO -- : 0:  rdoc (4.1.1) from /Users/wavrin/.rvm/gems/ruby-2.0.0-p353/specifications/rdoc-4.1.1.gemspec
I, [2014-02-02T15:55:36.176010 #1480]  INFO -- : 0:  rspec-core (2.13.1) from /Users/wavrin/.rvm/gems/ruby-2.0.0-p353/specifications/rspec-core-2.13.1.gemspec
I, [2014-02-02T15:55:36.176302 #1480]  INFO -- : 0:  rspec-expectations (2.13.0) from /Users/wavrin/.rvm/gems/ruby-2.0.0-p353/specifications/rspec-expectations-2.13.0.gemspec
I, [2014-02-02T15:55:36.176599 #1480]  INFO -- : 0:  rspec-mocks (2.13.1) from /Users/wavrin/.rvm/gems/ruby-2.0.0-p353/specifications/rspec-mocks-2.13.1.gemspec
I, [2014-02-02T15:55:36.176905 #1480]  INFO -- : 0:  rspec-rails (2.13.1) from /Users/wavrin/.rvm/gems/ruby-2.0.0-p353/specifications/rspec-rails-2.13.1.gemspec
I, [2014-02-02T15:55:36.177194 #1480]  INFO -- : 0:  sass (3.2.13) from /Users/wavrin/.rvm/gems/ruby-2.0.0-p353/specifications/sass-3.2.13.gemspec
I, [2014-02-02T15:55:36.177486 #1480]  INFO -- : 0:  sass-rails (4.0.1) from /Users/wavrin/.rvm/gems/ruby-2.0.0-p353/specifications/sass-rails-4.0.1.gemspec
I, [2014-02-02T15:55:36.177774 #1480]  INFO -- : 0:  sdoc (0.4.0) from /Users/wavrin/.rvm/gems/ruby-2.0.0-p353/specifications/sdoc-0.4.0.gemspec
I, [2014-02-02T15:55:36.178101 #1480]  INFO -- : 0:  sqlite3 (1.3.8) from /Users/wavrin/.rvm/gems/ruby-2.0.0-p353/specifications/sqlite3-1.3.8.gemspec
I, [2014-02-02T15:55:36.178383 #1480]  INFO -- : 0:  turbolinks (2.2.0) from /Users/wavrin/.rvm/gems/ruby-2.0.0-p353/specifications/turbolinks-2.2.0.gemspec
I, [2014-02-02T15:55:36.178672 #1480]  INFO -- : 0:  uglifier (2.4.0) from /Users/wavrin/.rvm/gems/ruby-2.0.0-p353/specifications/uglifier-2.4.0.gemspec
I, [2014-02-02T16:03:49.281184 #1548]  INFO -- : 0:  rake (10.1.1) from /Users/wavrin/.rvm/gems/ruby-2.0.0-p353/specifications/rake-10.1.1.gemspec
I, [2014-02-02T16:03:49.281630 #1548]  INFO -- : 0:  i18n (0.6.9) from /Users/wavrin/.rvm/gems/ruby-2.0.0-p353/specifications/i18n-0.6.9.gemspec
I, [2014-02-02T16:03:49.281959 #1548]  INFO -- : 0:  minitest (4.7.5) from /Users/wavrin/.rvm/rubies/ruby-2.1.0/lib/ruby/gems/2.1.0/specifications/default/minitest-4.7.5.gemspec
I, [2014-02-02T16:03:49.282279 #1548]  INFO -- : 0:  multi_json (1.8.4) from /Users/wavrin/.rvm/gems/ruby-2.0.0-p353/specifications/multi_json-1.8.4.gemspec
I, [2014-02-02T16:03:49.282574 #1548]  INFO -- : 0:  atomic (1.1.14) from /Users/wavrin/.rvm/gems/ruby-2.0.0-p353/specifications/atomic-1.1.14.gemspec
I, [2014-02-02T16:03:49.282881 #1548]  INFO -- : 0:  thread_safe (0.1.3) from /Users/wavrin/.rvm/gems/ruby-2.0.0-p353/specifications/thread_safe-0.1.3.gemspec
I, [2014-02-02T16:03:49.283205 #1548]  INFO -- : 0:  tzinfo (0.3.38) from /Users/wavrin/.rvm/gems/ruby-2.0.0-p353/specifications/tzinfo-0.3.38.gemspec
I, [2014-02-02T16:03:49.283500 #1548]  INFO -- : 0:  activesupport (4.0.0) from /Users/wavrin/.rvm/gems/ruby-2.0.0-p353/specifications/activesupport-4.0.0.gemspec
I, [2014-02-02T16:03:49.283786 #1548]  INFO -- : 0:  builder (3.1.4) from /Users/wavrin/.rvm/gems/ruby-2.0.0-p353/specifications/builder-3.1.4.gemspec
I, [2014-02-02T16:03:49.284069 #1548]  INFO -- : 0:  erubis (2.7.0) from /Users/wavrin/.rvm/gems/ruby-2.0.0-p353/specifications/erubis-2.7.0.gemspec
I, [2014-02-02T16:03:49.284355 #1548]  INFO -- : 0:  rack (1.5.2) from /Users/wavrin/.rvm/gems/ruby-2.0.0-p353/specifications/rack-1.5.2.gemspec
I, [2014-02-02T16:03:49.284642 #1548]  INFO -- : 0:  rack-test (0.6.2) from /Users/wavrin/.rvm/gems/ruby-2.0.0-p353/specifications/rack-test-0.6.2.gemspec
I, [2014-02-02T16:03:49.284965 #1548]  INFO -- : 0:  actionpack (4.0.0) from /Users/wavrin/.rvm/gems/ruby-2.0.0-p353/specifications/actionpack-4.0.0.gemspec
I, [2014-02-02T16:03:49.285242 #1548]  INFO -- : 0:  mime-types (1.25.1) from /Users/wavrin/.rvm/gems/ruby-2.0.0-p353/specifications/mime-types-1.25.1.gemspec
I, [2014-02-02T16:03:49.285514 #1548]  INFO -- : 0:  polyglot (0.3.3) from /Users/wavrin/.rvm/gems/ruby-2.0.0-p353/specifications/polyglot-0.3.3.gemspec
I, [2014-02-02T16:03:49.285789 #1548]  INFO -- : 0:  treetop (1.4.15) from /Users/wavrin/.rvm/gems/ruby-2.0.0-p353/specifications/treetop-1.4.15.gemspec
I, [2014-02-02T16:03:49.286069 #1548]  INFO -- : 0:  mail (2.5.4) from /Users/wavrin/.rvm/gems/ruby-2.0.0-p353/specifications/mail-2.5.4.gemspec
I, [2014-02-02T16:03:49.286350 #1548]  INFO -- : 0:  actionmailer (4.0.0) from /Users/wavrin/.rvm/gems/ruby-2.0.0-p353/specifications/actionmailer-4.0.0.gemspec
I, [2014-02-02T16:03:49.286652 #1548]  INFO -- : 0:  activemodel (4.0.0) from /Users/wavrin/.rvm/gems/ruby-2.0.0-p353/specifications/activemodel-4.0.0.gemspec
I, [2014-02-02T16:03:49.286939 #1548]  INFO -- : 0:  activerecord-deprecated_finders (1.0.3) from /Users/wavrin/.rvm/gems/ruby-2.0.0-p353/specifications/activerecord-deprecated_finders-1.0.3.gemspec
I, [2014-02-02T16:03:49.287218 #1548]  INFO -- : 0:  arel (4.0.1) from /Users/wavrin/.rvm/gems/ruby-2.0.0-p353/specifications/arel-4.0.1.gemspec
I, [2014-02-02T16:03:49.287509 #1548]  INFO -- : 0:  activerecord (4.0.0) from /Users/wavrin/.rvm/gems/ruby-2.0.0-p353/specifications/activerecord-4.0.0.gemspec
I, [2014-02-02T16:03:49.287791 #1548]  INFO -- : 0:  mini_portile (0.5.2) from /Users/wavrin/.rvm/gems/ruby-2.0.0-p353/specifications/mini_portile-0.5.2.gemspec
I, [2014-02-02T16:03:49.288099 #1548]  INFO -- : 0:  nokogiri (1.6.1) from /Users/wavrin/.rvm/gems/ruby-2.0.0-p353/specifications/nokogiri-1.6.1.gemspec
I, [2014-02-02T16:03:49.288381 #1548]  INFO -- : 0:  xpath (2.0.0) from /Users/wavrin/.rvm/gems/ruby-2.0.0-p353/specifications/xpath-2.0.0.gemspec
I, [2014-02-02T16:03:49.288671 #1548]  INFO -- : 0:  capybara (2.1.0) from /Users/wavrin/.rvm/gems/ruby-2.0.0-p353/specifications/capybara-2.1.0.gemspec
I, [2014-02-02T16:03:49.288954 #1548]  INFO -- : 0:  coffee-script-source (1.6.3) from /Users/wavrin/.rvm/gems/ruby-2.0.0-p353/specifications/coffee-script-source-1.6.3.gemspec
I, [2014-02-02T16:03:49.289236 #1548]  INFO -- : 0:  execjs (2.0.2) from /Users/wavrin/.rvm/gems/ruby-2.0.0-p353/specifications/execjs-2.0.2.gemspec
I, [2014-02-02T16:03:49.289519 #1548]  INFO -- : 0:  coffee-script (2.2.0) from /Users/wavrin/.rvm/gems/ruby-2.0.0-p353/specifications/coffee-script-2.2.0.gemspec
I, [2014-02-02T16:03:49.289815 #1548]  INFO -- : 0:  thor (0.18.1) from /Users/wavrin/.rvm/gems/ruby-2.0.0-p353/specifications/thor-0.18.1.gemspec
I, [2014-02-02T16:03:49.290096 #1548]  INFO -- : 0:  railties (4.0.0) from /Users/wavrin/.rvm/gems/ruby-2.0.0-p353/specifications/railties-4.0.0.gemspec
I, [2014-02-02T16:03:49.290388 #1548]  INFO -- : 0:  coffee-rails (4.0.1) from /Users/wavrin/.rvm/gems/ruby-2.0.0-p353/specifications/coffee-rails-4.0.1.gemspec
I, [2014-02-02T16:03:49.290669 #1548]  INFO -- : 0:  diff-lcs (1.2.5) from /Users/wavrin/.rvm/gems/ruby-2.0.0-p353/specifications/diff-lcs-1.2.5.gemspec
I, [2014-02-02T16:03:49.290958 #1548]  INFO -- : 0:  hike (1.2.3) from /Users/wavrin/.rvm/gems/ruby-2.0.0-p353/specifications/hike-1.2.3.gemspec
I, [2014-02-02T16:03:49.291234 #1548]  INFO -- : 0:  jbuilder (1.5.3) from /Users/wavrin/.rvm/gems/ruby-2.0.0-p353/specifications/jbuilder-1.5.3.gemspec
I, [2014-02-02T16:03:49.291538 #1548]  INFO -- : 0:  jquery-rails (3.0.4) from /Users/wavrin/.rvm/gems/ruby-2.0.0-p353/specifications/jquery-rails-3.0.4.gemspec
I, [2014-02-02T16:03:49.291806 #1548]  INFO -- : 0:  json (1.8.1) from /Users/wavrin/.rvm/rubies/ruby-2.1.0/lib/ruby/gems/2.1.0/specifications/default/json-1.8.1.gemspec
I, [2014-02-02T16:03:49.292108 #1548]  INFO -- : 0:  bundler (1.5.1) from /Users/wavrin/.rvm/gems/ruby-2.0.0-p353@global/specifications/bundler-1.5.1.gemspec
I, [2014-02-02T16:03:49.292401 #1548]  INFO -- : 0:  tilt (1.4.1) from /Users/wavrin/.rvm/gems/ruby-2.0.0-p353/specifications/tilt-1.4.1.gemspec
I, [2014-02-02T16:03:49.292699 #1548]  INFO -- : 0:  sprockets (2.10.1) from /Users/wavrin/.rvm/gems/ruby-2.0.0-p353/specifications/sprockets-2.10.1.gemspec
I, [2014-02-02T16:03:49.293012 #1548]  INFO -- : 0:  sprockets-rails (2.0.1) from /Users/wavrin/.rvm/gems/ruby-2.0.0-p353/specifications/sprockets-rails-2.0.1.gemspec
I, [2014-02-02T16:03:49.293302 #1548]  INFO -- : 0:  rails (4.0.0) from /Users/wavrin/.rvm/gems/ruby-2.0.0-p353/specifications/rails-4.0.0.gemspec
I, [2014-02-02T16:03:49.293584 #1548]  INFO -- : 0:  rdoc (4.1.1) from /Users/wavrin/.rvm/gems/ruby-2.0.0-p353/specifications/rdoc-4.1.1.gemspec
I, [2014-02-02T16:03:49.293881 #1548]  INFO -- : 0:  rspec-core (2.13.1) from /Users/wavrin/.rvm/gems/ruby-2.0.0-p353/specifications/rspec-core-2.13.1.gemspec
I, [2014-02-02T16:03:49.294172 #1548]  INFO -- : 0:  rspec-expectations (2.13.0) from /Users/wavrin/.rvm/gems/ruby-2.0.0-p353/specifications/rspec-expectations-2.13.0.gemspec
I, [2014-02-02T16:03:49.294472 #1548]  INFO -- : 0:  rspec-mocks (2.13.1) from /Users/wavrin/.rvm/gems/ruby-2.0.0-p353/specifications/rspec-mocks-2.13.1.gemspec
I, [2014-02-02T16:03:49.294776 #1548]  INFO -- : 0:  rspec-rails (2.13.1) from /Users/wavrin/.rvm/gems/ruby-2.0.0-p353/specifications/rspec-rails-2.13.1.gemspec
I, [2014-02-02T16:03:49.295067 #1548]  INFO -- : 0:  sass (3.2.13) from /Users/wavrin/.rvm/gems/ruby-2.0.0-p353/specifications/sass-3.2.13.gemspec
I, [2014-02-02T16:03:49.295353 #1548]  INFO -- : 0:  sass-rails (4.0.1) from /Users/wavrin/.rvm/gems/ruby-2.0.0-p353/specifications/sass-rails-4.0.1.gemspec
I, [2014-02-02T16:03:49.295660 #1548]  INFO -- : 0:  sdoc (0.4.0) from /Users/wavrin/.rvm/gems/ruby-2.0.0-p353/specifications/sdoc-0.4.0.gemspec
I, [2014-02-02T16:03:49.295968 #1548]  INFO -- : 0:  sqlite3 (1.3.8) from /Users/wavrin/.rvm/gems/ruby-2.0.0-p353/specifications/sqlite3-1.3.8.gemspec
I, [2014-02-02T16:03:49.296244 #1548]  INFO -- : 0:  turbolinks (2.2.0) from /Users/wavrin/.rvm/gems/ruby-2.0.0-p353/specifications/turbolinks-2.2.0.gemspec
I, [2014-02-02T16:03:49.296530 #1548]  INFO -- : 0:  uglifier (2.4.0) from /Users/wavrin/.rvm/gems/ruby-2.0.0-p353/specifications/uglifier-2.4.0.gemspec
I, [2014-02-02T16:06:10.228540 #1549]  INFO -- : 0:  rake (10.1.1) from /Users/wavrin/.rvm/gems/ruby-2.0.0-p353/specifications/rake-10.1.1.gemspec
I, [2014-02-02T16:06:10.228962 #1549]  INFO -- : 0:  i18n (0.6.9) from /Users/wavrin/.rvm/gems/ruby-2.0.0-p353/specifications/i18n-0.6.9.gemspec
I, [2014-02-02T16:06:10.229266 #1549]  INFO -- : 0:  minitest (4.7.5) from /Users/wavrin/.rvm/rubies/ruby-2.1.0/lib/ruby/gems/2.1.0/specifications/default/minitest-4.7.5.gemspec
I, [2014-02-02T16:06:10.229589 #1549]  INFO -- : 0:  multi_json (1.8.4) from /Users/wavrin/.rvm/gems/ruby-2.0.0-p353/specifications/multi_json-1.8.4.gemspec
I, [2014-02-02T16:06:10.229880 #1549]  INFO -- : 0:  atomic (1.1.14) from /Users/wavrin/.rvm/gems/ruby-2.0.0-p353/specifications/atomic-1.1.14.gemspec
I, [2014-02-02T16:06:10.230180 #1549]  INFO -- : 0:  thread_safe (0.1.3) from /Users/wavrin/.rvm/gems/ruby-2.0.0-p353/specifications/thread_safe-0.1.3.gemspec
I, [2014-02-02T16:06:10.230461 #1549]  INFO -- : 0:  tzinfo (0.3.38) from /Users/wavrin/.rvm/gems/ruby-2.0.0-p353/specifications/tzinfo-0.3.38.gemspec
I, [2014-02-02T16:06:10.230746 #1549]  INFO -- : 0:  activesupport (4.0.0) from /Users/wavrin/.rvm/gems/ruby-2.0.0-p353/specifications/activesupport-4.0.0.gemspec
I, [2014-02-02T16:06:10.231037 #1549]  INFO -- : 0:  builder (3.1.4) from /Users/wavrin/.rvm/gems/ruby-2.0.0-p353/specifications/builder-3.1.4.gemspec
I, [2014-02-02T16:06:10.231323 #1549]  INFO -- : 0:  erubis (2.7.0) from /Users/wavrin/.rvm/gems/ruby-2.0.0-p353/specifications/erubis-2.7.0.gemspec
I, [2014-02-02T16:06:10.231608 #1549]  INFO -- : 0:  rack (1.5.2) from /Users/wavrin/.rvm/gems/ruby-2.0.0-p353/specifications/rack-1.5.2.gemspec
I, [2014-02-02T16:06:10.231890 #1549]  INFO -- : 0:  rack-test (0.6.2) from /Users/wavrin/.rvm/gems/ruby-2.0.0-p353/specifications/rack-test-0.6.2.gemspec
I, [2014-02-02T16:06:10.232209 #1549]  INFO -- : 0:  actionpack (4.0.0) from /Users/wavrin/.rvm/gems/ruby-2.0.0-p353/specifications/actionpack-4.0.0.gemspec
I, [2014-02-02T16:06:10.232485 #1549]  INFO -- : 0:  mime-types (1.25.1) from /Users/wavrin/.rvm/gems/ruby-2.0.0-p353/specifications/mime-types-1.25.1.gemspec
I, [2014-02-02T16:06:10.232756 #1549]  INFO -- : 0:  polyglot (0.3.3) from /Users/wavrin/.rvm/gems/ruby-2.0.0-p353/specifications/polyglot-0.3.3.gemspec
I, [2014-02-02T16:06:10.233032 #1549]  INFO -- : 0:  treetop (1.4.15) from /Users/wavrin/.rvm/gems/ruby-2.0.0-p353/specifications/treetop-1.4.15.gemspec
I, [2014-02-02T16:06:10.233303 #1549]  INFO -- : 0:  mail (2.5.4) from /Users/wavrin/.rvm/gems/ruby-2.0.0-p353/specifications/mail-2.5.4.gemspec
I, [2014-02-02T16:06:10.233582 #1549]  INFO -- : 0:  actionmailer (4.0.0) from /Users/wavrin/.rvm/gems/ruby-2.0.0-p353/specifications/actionmailer-4.0.0.gemspec
I, [2014-02-02T16:06:10.233884 #1549]  INFO -- : 0:  activemodel (4.0.0) from /Users/wavrin/.rvm/gems/ruby-2.0.0-p353/specifications/activemodel-4.0.0.gemspec
I, [2014-02-02T16:06:10.234169 #1549]  INFO -- : 0:  activerecord-deprecated_finders (1.0.3) from /Users/wavrin/.rvm/gems/ruby-2.0.0-p353/specifications/activerecord-deprecated_finders-1.0.3.gemspec
I, [2014-02-02T16:06:10.234446 #1549]  INFO -- : 0:  arel (4.0.1) from /Users/wavrin/.rvm/gems/ruby-2.0.0-p353/specifications/arel-4.0.1.gemspec
I, [2014-02-02T16:06:10.234740 #1549]  INFO -- : 0:  activerecord (4.0.0) from /Users/wavrin/.rvm/gems/ruby-2.0.0-p353/specifications/activerecord-4.0.0.gemspec
I, [2014-02-02T16:06:10.235019 #1549]  INFO -- : 0:  mini_portile (0.5.2) from /Users/wavrin/.rvm/gems/ruby-2.0.0-p353/specifications/mini_portile-0.5.2.gemspec
I, [2014-02-02T16:06:10.235326 #1549]  INFO -- : 0:  nokogiri (1.6.1) from /Users/wavrin/.rvm/gems/ruby-2.0.0-p353/specifications/nokogiri-1.6.1.gemspec
I, [2014-02-02T16:06:10.235605 #1549]  INFO -- : 0:  xpath (2.0.0) from /Users/wavrin/.rvm/gems/ruby-2.0.0-p353/specifications/xpath-2.0.0.gemspec
I, [2014-02-02T16:06:10.235895 #1549]  INFO -- : 0:  capybara (2.1.0) from /Users/wavrin/.rvm/gems/ruby-2.0.0-p353/specifications/capybara-2.1.0.gemspec
I, [2014-02-02T16:06:10.236179 #1549]  INFO -- : 0:  coffee-script-source (1.6.3) from /Users/wavrin/.rvm/gems/ruby-2.0.0-p353/specifications/coffee-script-source-1.6.3.gemspec
I, [2014-02-02T16:06:10.236456 #1549]  INFO -- : 0:  execjs (2.0.2) from /Users/wavrin/.rvm/gems/ruby-2.0.0-p353/specifications/execjs-2.0.2.gemspec
I, [2014-02-02T16:06:10.236739 #1549]  INFO -- : 0:  coffee-script (2.2.0) from /Users/wavrin/.rvm/gems/ruby-2.0.0-p353/specifications/coffee-script-2.2.0.gemspec
I, [2014-02-02T16:06:10.237035 #1549]  INFO -- : 0:  thor (0.18.1) from /Users/wavrin/.rvm/gems/ruby-2.0.0-p353/specifications/thor-0.18.1.gemspec
I, [2014-02-02T16:06:10.237310 #1549]  INFO -- : 0:  railties (4.0.0) from /Users/wavrin/.rvm/gems/ruby-2.0.0-p353/specifications/railties-4.0.0.gemspec
I, [2014-02-02T16:06:10.237613 #1549]  INFO -- : 0:  coffee-rails (4.0.1) from /Users/wavrin/.rvm/gems/ruby-2.0.0-p353/specifications/coffee-rails-4.0.1.gemspec
I, [2014-02-02T16:06:10.237887 #1549]  INFO -- : 0:  diff-lcs (1.2.5) from /Users/wavrin/.rvm/gems/ruby-2.0.0-p353/specifications/diff-lcs-1.2.5.gemspec
I, [2014-02-02T16:06:10.238172 #1549]  INFO -- : 0:  hike (1.2.3) from /Users/wavrin/.rvm/gems/ruby-2.0.0-p353/specifications/hike-1.2.3.gemspec
I, [2014-02-02T16:06:10.238447 #1549]  INFO -- : 0:  jbuilder (1.5.3) from /Users/wavrin/.rvm/gems/ruby-2.0.0-p353/specifications/jbuilder-1.5.3.gemspec
I, [2014-02-02T16:06:10.238748 #1549]  INFO -- : 0:  jquery-rails (3.0.4) from /Users/wavrin/.rvm/gems/ruby-2.0.0-p353/specifications/jquery-rails-3.0.4.gemspec
I, [2014-02-02T16:06:10.239018 #1549]  INFO -- : 0:  json (1.8.1) from /Users/wavrin/.rvm/rubies/ruby-2.1.0/lib/ruby/gems/2.1.0/specifications/default/json-1.8.1.gemspec
I, [2014-02-02T16:06:10.239318 #1549]  INFO -- : 0:  bundler (1.5.1) from /Users/wavrin/.rvm/gems/ruby-2.0.0-p353@global/specifications/bundler-1.5.1.gemspec
I, [2014-02-02T16:06:10.239608 #1549]  INFO -- : 0:  tilt (1.4.1) from /Users/wavrin/.rvm/gems/ruby-2.0.0-p353/specifications/tilt-1.4.1.gemspec
I, [2014-02-02T16:06:10.239903 #1549]  INFO -- : 0:  sprockets (2.10.1) from /Users/wavrin/.rvm/gems/ruby-2.0.0-p353/specifications/sprockets-2.10.1.gemspec
I, [2014-02-02T16:06:10.240209 #1549]  INFO -- : 0:  sprockets-rails (2.0.1) from /Users/wavrin/.rvm/gems/ruby-2.0.0-p353/specifications/sprockets-rails-2.0.1.gemspec
I, [2014-02-02T16:06:10.240500 #1549]  INFO -- : 0:  rails (4.0.0) from /Users/wavrin/.rvm/gems/ruby-2.0.0-p353/specifications/rails-4.0.0.gemspec
I, [2014-02-02T16:06:10.240776 #1549]  INFO -- : 0:  rdoc (4.1.1) from /Users/wavrin/.rvm/gems/ruby-2.0.0-p353/specifications/rdoc-4.1.1.gemspec
I, [2014-02-02T16:06:10.241115 #1549]  INFO -- : 0:  rspec-core (2.13.1) from /Users/wavrin/.rvm/gems/ruby-2.0.0-p353/specifications/rspec-core-2.13.1.gemspec
I, [2014-02-02T16:06:10.241443 #1549]  INFO -- : 0:  rspec-expectations (2.13.0) from /Users/wavrin/.rvm/gems/ruby-2.0.0-p353/specifications/rspec-expectations-2.13.0.gemspec
I, [2014-02-02T16:06:10.241782 #1549]  INFO -- : 0:  rspec-mocks (2.13.1) from /Users/wavrin/.rvm/gems/ruby-2.0.0-p353/specifications/rspec-mocks-2.13.1.gemspec
I, [2014-02-02T16:06:10.242119 #1549]  INFO -- : 0:  rspec-rails (2.13.1) from /Users/wavrin/.rvm/gems/ruby-2.0.0-p353/specifications/rspec-rails-2.13.1.gemspec
I, [2014-02-02T16:06:10.242443 #1549]  INFO -- : 0:  sass (3.2.13) from /Users/wavrin/.rvm/gems/ruby-2.0.0-p353/specifications/sass-3.2.13.gemspec
I, [2014-02-02T16:06:10.242779 #1549]  INFO -- : 0:  sass-rails (4.0.1) from /Users/wavrin/.rvm/gems/ruby-2.0.0-p353/specifications/sass-rails-4.0.1.gemspec
I, [2014-02-02T16:06:10.243117 #1549]  INFO -- : 0:  sdoc (0.4.0) from /Users/wavrin/.rvm/gems/ruby-2.0.0-p353/specifications/sdoc-0.4.0.gemspec
I, [2014-02-02T16:06:10.243476 #1549]  INFO -- : 0:  sqlite3 (1.3.8) from /Users/wavrin/.rvm/gems/ruby-2.0.0-p353/specifications/sqlite3-1.3.8.gemspec
I, [2014-02-02T16:06:10.243795 #1549]  INFO -- : 0:  turbolinks (2.2.0) from /Users/wavrin/.rvm/gems/ruby-2.0.0-p353/specifications/turbolinks-2.2.0.gemspec
I, [2014-02-02T16:06:10.244128 #1549]  INFO -- : 0:  uglifier (2.4.0) from /Users/wavrin/.rvm/gems/ruby-2.0.0-p353/specifications/uglifier-2.4.0.gemspec
